<?xml version="1.0" encoding="UTF-8"?>
<testsuite xmlns:xsi="http://www.w3.org/2001/XMLSchema-instance" xsi:noNamespaceSchemaLocation="https://maven.apache.org/surefire/maven-surefire-plugin/xsd/surefire-test-report-3.0.xsd" version="3.0" name="com.remindly.weekly_reminder_scheduler.DemoApplicationTests" time="1.581" tests="1" errors="0" skipped="0" failures="0">
  <properties>
[...]
</properties>
  <testcase name="contextLoads" classname="com.remindly.weekly_reminder_scheduler.DemoApplicationTests" time="0.314">
    <system-out><![CDATA[22:52:10.875 [main] INFO org.springframework.test.context.support.AnnotationConfigContextLoaderUtils -- Could not detect default configuration classes for test class [com.remindly.weekly_reminder_scheduler.DemoApplicationTests]: DemoApplicationTests does not declare any static, non-private, non-final, nested classes annotated with @Configuration.
22:52:10.908 [main] INFO org.springframework.boot.test.context.SpringBootTestContextBootstrapper -- Found @SpringBootConfiguration com.remindly.weekly_reminder_scheduler.DemoApplication for test class com.remindly.weekly_reminder_scheduler.DemoApplicationTests

  .   ____          _            __ _ _
 /\\ / ___'_ __ _ _(_)_ __  __ _ \ \ \ \
( ( )\___ | '_ | '_| | '_ \/ _` | \ \ \ \
 \\/  ___)| |_)| | | | | || (_| |  ) ) ) )
  '  |____| .__|_| |_|_| |_\__, | / / / /
 =========|_|==============|___/=/_/_/_/
 :: Spring Boot ::                (v3.2.5)

2025-05-25T22:52:11.056+05:30  INFO 20921 --- [demo] [           main] c.r.w.DemoApplicationTests               : Starting DemoApplicationTests using Java 17.0.12 with PID 20921 (started by adityaverma in /Users/adityaverma/Documents/weekly-reminder/weekly-reminder-scheduler)
2025-05-25T22:52:11.056+05:30  INFO 20921 --- [demo] [           main] c.r.w.DemoApplicationTests               : The following 1 profile is active: "dev"
2025-05-25T22:52:11.259+05:30  INFO 20921 --- [demo] [           main] .s.d.r.c.RepositoryConfigurationDelegate : Bootstrapping Spring Data JPA repositories in DEFAULT mode.
2025-05-25T22:52:11.264+05:30  INFO 20921 --- [demo] [           main] .s.d.r.c.RepositoryConfigurationDelegate : Finished Spring Data repository scanning in 3 ms. Found 0 JPA repository interfaces.
2025-05-25T22:52:11.442+05:30  INFO 20921 --- [demo] [           main] o.hibernate.jpa.internal.util.LogHelper  : HHH000204: Processing PersistenceUnitInfo [name: default]
2025-05-25T22:52:11.470+05:30  INFO 20921 --- [demo] [           main] org.hibernate.Version                    : HHH000412: Hibernate ORM core version 6.4.4.Final
2025-05-25T22:52:11.484+05:30  INFO 20921 --- [demo] [           main] o.h.c.internal.RegionFactoryInitiator    : HHH000026: Second-level cache disabled
2025-05-25T22:52:11.572+05:30  INFO 20921 --- [demo] [           main] o.s.o.j.p.SpringPersistenceUnitInfo      : No LoadTimeWeaver setup: ignoring JPA class transformer
2025-05-25T22:52:11.583+05:30  INFO 20921 --- [demo] [           main] com.zaxxer.hikari.HikariDataSource       : HikariPool-1 - Starting...
2025-05-25T22:52:11.648+05:30  INFO 20921 --- [demo] [           main] com.zaxxer.hikari.pool.HikariPool        : HikariPool-1 - Added connection conn0: url=jdbc:h2:mem:remindlydb user=SA
2025-05-25T22:52:11.648+05:30  INFO 20921 --- [demo] [           main] com.zaxxer.hikari.HikariDataSource       : HikariPool-1 - Start completed.
2025-05-25T22:52:11.658+05:30  WARN 20921 --- [demo] [           main] org.hibernate.orm.deprecation            : HHH90000025: H2Dialect does not need to be specified explicitly using 'hibernate.dialect' (remove the property setting and it will be selected by default)
2025-05-25T22:52:11.789+05:30  INFO 20921 --- [demo] [           main] o.h.e.t.j.p.i.JtaPlatformInitiator       : HHH000489: No JTA platform available (set 'hibernate.transaction.jta.platform' to enable JTA platform integration)
2025-05-25T22:52:11.791+05:30  INFO 20921 --- [demo] [           main] j.LocalContainerEntityManagerFactoryBean : Initialized JPA EntityManagerFactory for persistence unit 'default'
2025-05-25T22:52:11.843+05:30  WARN 20921 --- [demo] [           main] JpaBaseConfiguration$JpaWebConfiguration : spring.jpa.open-in-view is enabled by default. Therefore, database queries may be performed during view rendering. Explicitly configure spring.jpa.open-in-view to disable this warning
2025-05-25T22:52:12.015+05:30  WARN 20921 --- [demo] [           main] .s.s.UserDetailsServiceAutoConfiguration : 

Using generated security password: 0de9f463-1e0d-4dc6-977a-6c26c8e2f5d6

This generated password is for development use only. Your security configuration must be updated before running your application in production.

2025-05-25T22:52:12.061+05:30  INFO 20921 --- [demo] [           main] o.s.s.web.DefaultSecurityFilterChain     : Will secure any request with [org.springframework.security.web.session.DisableEncodeUrlFilter@3605ab16, org.springframework.security.web.context.request.async.WebAsyncManagerIntegrationFilter@30cb223b, org.springframework.security.web.context.SecurityContextHolderFilter@903c13, org.springframework.security.web.header.HeaderWriterFilter@178ba69f, org.springframework.web.filter.CorsFilter@24d0c6a4, org.springframework.security.web.csrf.CsrfFilter@2e91cf69, org.springframework.security.web.authentication.logout.LogoutFilter@27a6384b, org.springframework.security.web.authentication.UsernamePasswordAuthenticationFilter@20518250, org.springframework.security.web.authentication.ui.DefaultLoginPageGeneratingFilter@59ac77f9, org.springframework.security.web.authentication.ui.DefaultLogoutPageGeneratingFilter@50e24ea4, org.springframework.security.web.authentication.www.BasicAuthenticationFilter@2e7517aa, org.springframework.security.web.savedrequest.RequestCacheAwareFilter@36ab69d9, org.springframework.security.web.servletapi.SecurityContextHolderAwareRequestFilter@5ebfe7fa, org.springframework.security.web.authentication.AnonymousAuthenticationFilter@4ba402b5, org.springframework.security.web.access.ExceptionTranslationFilter@5acd7d1c, org.springframework.security.web.access.intercept.AuthorizationFilter@1f6d7e7c]
2025-05-25T22:52:12.080+05:30  INFO 20921 --- [demo] [           main] c.r.w.DemoApplicationTests               : Started DemoApplicationTests in 1.128 seconds (process running for 1.491)
]]></system-out>
  </testcase>
</testsuite>